<?xml version="1.0" encoding="UTF-8"?>
<testng-results skipped="0" failed="0" ignored="0" total="6" passed="6">
  <reporter-output>
  </reporter-output>
  <suite name="Suite" duration-ms="49" started-at="2021-05-06T16:59:20 SGT" finished-at="2021-05-06T16:59:20 SGT">
    <groups>
    </groups>
    <test name="Test" duration-ms="49" started-at="2021-05-06T16:59:20 SGT" finished-at="2021-05-06T16:59:20 SGT">
      <class name="qaclickacademy.Mavenjava.AppiumTest">
        <test-method status="PASS" signature="IOSApps()[pri:0, instance:qaclickacademy.Mavenjava.AppiumTest@1563da5]" name="IOSApps" duration-ms="1" started-at="2021-05-06T16:59:20 SGT" finished-at="2021-05-06T16:59:20 SGT">
          <reporter-output>
          </reporter-output>
        </test-method> <!-- IOSApps -->
        <test-method status="PASS" signature="NativeAppAndroid()[pri:0, instance:qaclickacademy.Mavenjava.AppiumTest@1563da5]" name="NativeAppAndroid" duration-ms="0" started-at="2021-05-06T16:59:20 SGT" finished-at="2021-05-06T16:59:20 SGT">
          <reporter-output>
          </reporter-output>
        </test-method> <!-- NativeAppAndroid -->
      </class> <!-- qaclickacademy.Mavenjava.AppiumTest -->
      <class name="qaclickacademy.Mavenjava.RESTAPITest">
        <test-method status="PASS" signature="deleteTwitter()[pri:0, instance:qaclickacademy.Mavenjava.RESTAPITest@6ee52dcd]" name="deleteTwitter" duration-ms="4" started-at="2021-05-06T16:59:20 SGT" finished-at="2021-05-06T16:59:20 SGT">
          <reporter-output>
          </reporter-output>
        </test-method> <!-- deleteTwitter -->
        <test-method status="PASS" signature="postJira()[pri:0, instance:qaclickacademy.Mavenjava.RESTAPITest@6ee52dcd]" name="postJira" duration-ms="0" started-at="2021-05-06T16:59:20 SGT" finished-at="2021-05-06T16:59:20 SGT">
          <reporter-output>
          </reporter-output>
        </test-method> <!-- postJira -->
      </class> <!-- qaclickacademy.Mavenjava.RESTAPITest -->
      <class name="qaclickacademy.Mavenjava.SeleniumTest">
        <test-method status="PASS" signature="BrowserAutomation()[pri:0, instance:qaclickacademy.Mavenjava.SeleniumTest@2bbf4b8b]" name="BrowserAutomation" duration-ms="0" started-at="2021-05-06T16:59:20 SGT" finished-at="2021-05-06T16:59:20 SGT">
          <reporter-output>
          </reporter-output>
        </test-method> <!-- BrowserAutomation -->
        <test-method status="PASS" signature="elementsUi()[pri:0, instance:qaclickacademy.Mavenjava.SeleniumTest@2bbf4b8b]" name="elementsUi" duration-ms="6" started-at="2021-05-06T16:59:20 SGT" finished-at="2021-05-06T16:59:20 SGT">
          <reporter-output>
          </reporter-output>
        </test-method> <!-- elementsUi -->
      </class> <!-- qaclickacademy.Mavenjava.SeleniumTest -->
    </test> <!-- Test -->
  </suite> <!-- Suite -->
</testng-results>
